<?xml version="1.0" encoding="UTF-8"?>
<robot generator="Robot 3.2.2 (Python 3.9.5 on win32)" generated="20210601 17:57:19.087" rpa="false">
<suite id="s1" name="Garments" source="c:\Users\Public\Essential\garments">
<test id="s1-t1" name="Login Fipkart">
<kw name="Open Browser" library="SeleniumLibrary">
<doc>Opens a new browser instance to the optional ``url``.</doc>
<arguments>
<arg>https://www.flipkart.com/</arg>
<arg>chrome</arg>
</arguments>
<msg timestamp="20210601 17:57:21.211" level="INFO">Opening browser 'chrome' to base url 'https://www.flipkart.com/'.</msg>
<status status="PASS" starttime="20210601 17:57:21.204" endtime="20210601 17:57:31.372"></status>
</kw>
<kw name="Input Text" library="SeleniumLibrary">
<doc>Types the given ``text`` into the text field identified by ``locator``.</doc>
<arguments>
<arg>xpath://body/div[2]/div[1]/div[1]/div[1]/div[1]/div[2]/div[1]/form[1]/div[1]/input[1]</arg>
<arg>8401608858</arg>
</arguments>
<msg timestamp="20210601 17:57:31.381" level="INFO">Typing text '8401608858' into text field 'xpath://body/div[2]/div[1]/div[1]/div[1]/div[1]/div[2]/div[1]/form[1]/div[1]/input[1]'.</msg>
<status status="PASS" starttime="20210601 17:57:31.378" endtime="20210601 17:57:31.676"></status>
</kw>
<kw name="Input Text" library="SeleniumLibrary">
<doc>Types the given ``text`` into the text field identified by ``locator``.</doc>
<arguments>
<arg>xpath://input[@type="password"]</arg>
<arg>Tommy@88552233</arg>
</arguments>
<msg timestamp="20210601 17:57:31.683" level="INFO">Typing text 'Tommy@88552233' into text field 'xpath://input[@type="password"]'.</msg>
<status status="PASS" starttime="20210601 17:57:31.679" endtime="20210601 17:57:32.001"></status>
</kw>
<kw name="Click Element" library="SeleniumLibrary">
<doc>Click the element identified by ``locator``.</doc>
<arguments>
<arg>//button[@type="submit" and @class="_2KpZ6l _2HKlqd _3AWRsL"]</arg>
</arguments>
<msg timestamp="20210601 17:57:32.006" level="INFO">Clicking element '//button[@type="submit" and @class="_2KpZ6l _2HKlqd _3AWRsL"]'.</msg>
<status status="PASS" starttime="20210601 17:57:32.003" endtime="20210601 17:57:32.180"></status>
</kw>
<kw name="Maximize Browser Window" library="SeleniumLibrary">
<doc>Maximizes current browser window.</doc>
<status status="PASS" starttime="20210601 17:57:32.183" endtime="20210601 17:57:32.367"></status>
</kw>
<kw name="Sleep" library="BuiltIn">
<doc>Pauses the test executed for the given time.</doc>
<arguments>
<arg>5s</arg>
</arguments>
<msg timestamp="20210601 17:57:37.375" level="INFO">Slept 5 seconds</msg>
<status status="PASS" starttime="20210601 17:57:32.369" endtime="20210601 17:57:37.376"></status>
</kw>
<kw name="Input Text" library="SeleniumLibrary">
<doc>Types the given ``text`` into the text field identified by ``locator``.</doc>
<arguments>
<arg>xpath://input[@type="text"]</arg>
<arg>T Shirt</arg>
</arguments>
<msg timestamp="20210601 17:57:37.381" level="INFO">Typing text 'T Shirt' into text field 'xpath://input[@type="text"]'.</msg>
<status status="PASS" starttime="20210601 17:57:37.379" endtime="20210601 17:57:37.714"></status>
</kw>
<kw name="Sleep" library="BuiltIn">
<doc>Pauses the test executed for the given time.</doc>
<arguments>
<arg>2s</arg>
</arguments>
<msg timestamp="20210601 17:57:39.724" level="INFO">Slept 2 seconds</msg>
<status status="PASS" starttime="20210601 17:57:37.716" endtime="20210601 17:57:39.724"></status>
</kw>
<kw name="Click Element" library="SeleniumLibrary">
<doc>Click the element identified by ``locator``.</doc>
<arguments>
<arg>xpath://button[@type="submit" and @class="L0Z3Pu"]</arg>
</arguments>
<msg timestamp="20210601 17:57:39.727" level="INFO">Clicking element 'xpath://button[@type="submit" and @class="L0Z3Pu"]'.</msg>
<status status="PASS" starttime="20210601 17:57:39.725" endtime="20210601 17:57:39.784"></status>
</kw>
<kw name="Sleep" library="BuiltIn">
<doc>Pauses the test executed for the given time.</doc>
<arguments>
<arg>5s</arg>
</arguments>
<msg timestamp="20210601 17:57:44.803" level="INFO">Slept 5 seconds</msg>
<status status="PASS" starttime="20210601 17:57:39.789" endtime="20210601 17:57:44.803"></status>
</kw>
<kw name="Click Element" library="SeleniumLibrary">
<doc>Click the element identified by ``locator``.</doc>
<arguments>
<arg>//*[@id="container"]/div/div[3]/div[1]/div[1]/div[2]/div/div/section[2]/div[4]/div[1]/select/option[4]</arg>
</arguments>
<msg timestamp="20210601 17:57:44.805" level="INFO">Clicking element '//*[@id="container"]/div/div[3]/div[1]/div[1]/div[2]/div/div/section[2]/div[4]/div[1]/select/option[4]'.</msg>
<status status="PASS" starttime="20210601 17:57:44.804" endtime="20210601 17:57:45.039"></status>
</kw>
<kw name="Sleep" library="BuiltIn">
<doc>Pauses the test executed for the given time.</doc>
<arguments>
<arg>2s</arg>
</arguments>
<msg timestamp="20210601 17:57:47.042" level="INFO">Slept 2 seconds</msg>
<status status="PASS" starttime="20210601 17:57:45.040" endtime="20210601 17:57:47.042"></status>
</kw>
<kw name="Click Element" library="SeleniumLibrary">
<doc>Click the element identified by ``locator``.</doc>
<arguments>
<arg>//*[@id="container"]/div/div[3]/div/div[1]/div/div/div/section[3]/label/div[1]</arg>
</arguments>
<msg timestamp="20210601 17:57:47.044" level="INFO">Clicking element '//*[@id="container"]/div/div[3]/div/div[1]/div/div/div/section[3]/label/div[1]'.</msg>
<status status="PASS" starttime="20210601 17:57:47.043" endtime="20210601 17:57:47.283"></status>
</kw>
<kw name="Sleep" library="BuiltIn">
<doc>Pauses the test executed for the given time.</doc>
<arguments>
<arg>2s</arg>
</arguments>
<msg timestamp="20210601 17:57:49.301" level="INFO">Slept 2 seconds</msg>
<status status="PASS" starttime="20210601 17:57:47.287" endtime="20210601 17:57:49.302"></status>
</kw>
<kw name="Click Element" library="SeleniumLibrary">
<doc>Click the element identified by ``locator``.</doc>
<arguments>
<arg>xpath://input[@type="text" and @class="_34uFYj"]</arg>
</arguments>
<msg timestamp="20210601 17:57:49.305" level="INFO">Clicking element 'xpath://input[@type="text" and @class="_34uFYj"]'.</msg>
<status status="PASS" starttime="20210601 17:57:49.304" endtime="20210601 17:57:49.436"></status>
</kw>
<kw name="Sleep" library="BuiltIn">
<doc>Pauses the test executed for the given time.</doc>
<arguments>
<arg>2s</arg>
</arguments>
<msg timestamp="20210601 17:57:51.448" level="INFO">Slept 2 seconds</msg>
<status status="PASS" starttime="20210601 17:57:49.438" endtime="20210601 17:57:51.449"></status>
</kw>
<kw name="Wait Until Element Is Visible" library="SeleniumLibrary">
<doc>Waits until the element ``locator`` is visible.</doc>
<arguments>
<arg>//*[@id="container"]/div/div[3]/div/div[1]/div/div/div/section[4]/div[2]/div[2]/span</arg>
</arguments>
<status status="PASS" starttime="20210601 17:57:51.450" endtime="20210601 17:57:51.482"></status>
</kw>
<kw name="Click Element" library="SeleniumLibrary">
<doc>Click the element identified by ``locator``.</doc>
<arguments>
<arg>//*[@id="container"]/div/div[3]/div/div[1]/div/div/div/section[4]/div[2]/div[2]/span</arg>
</arguments>
<msg timestamp="20210601 17:57:51.484" level="INFO">Clicking element '//*[@id="container"]/div/div[3]/div/div[1]/div/div/div/section[4]/div[2]/div[2]/span'.</msg>
<status status="PASS" starttime="20210601 17:57:51.483" endtime="20210601 17:57:51.626"></status>
</kw>
<kw name="Sleep" library="BuiltIn">
<doc>Pauses the test executed for the given time.</doc>
<arguments>
<arg>2s</arg>
</arguments>
<msg timestamp="20210601 17:57:53.641" level="INFO">Slept 2 seconds</msg>
<status status="PASS" starttime="20210601 17:57:51.627" endtime="20210601 17:57:53.642"></status>
</kw>
<kw name="Click Element" library="SeleniumLibrary">
<doc>Click the element identified by ``locator``.</doc>
<arguments>
<arg>//*[@id="container"]/div/div[3]/div/div[1]/div/div/div/section[4]/div[2]/div/div[1]/div[1]/div[1]/div[22]</arg>
</arguments>
<msg timestamp="20210601 17:57:53.644" level="INFO">Clicking element '//*[@id="container"]/div/div[3]/div/div[1]/div/div/div/section[4]/div[2]/div/div[1]/div[1]/div[1]/div[22]'.</msg>
<status status="PASS" starttime="20210601 17:57:53.643" endtime="20210601 17:57:53.717"></status>
</kw>
<kw name="Sleep" library="BuiltIn">
<doc>Pauses the test executed for the given time.</doc>
<arguments>
<arg>2s</arg>
</arguments>
<msg timestamp="20210601 17:57:55.734" level="INFO">Slept 2 seconds</msg>
<status status="PASS" starttime="20210601 17:57:53.718" endtime="20210601 17:57:55.736"></status>
</kw>
<kw name="Click Element" library="SeleniumLibrary">
<doc>Click the element identified by ``locator``.</doc>
<arguments>
<arg>//div[normalize-space()="U.S. POLO ASSN."]</arg>
</arguments>
<msg timestamp="20210601 17:57:55.742" level="INFO">Clicking element '//div[normalize-space()="U.S. POLO ASSN."]'.</msg>
<status status="PASS" starttime="20210601 17:57:55.739" endtime="20210601 17:57:55.838"></status>
</kw>
<kw name="Sleep" library="BuiltIn">
<doc>Pauses the test executed for the given time.</doc>
<arguments>
<arg>2s</arg>
</arguments>
<msg timestamp="20210601 17:57:57.843" level="INFO">Slept 2 seconds</msg>
<status status="PASS" starttime="20210601 17:57:55.840" endtime="20210601 17:57:57.845"></status>
</kw>
<kw name="Click Element" library="SeleniumLibrary">
<doc>Click the element identified by ``locator``.</doc>
<arguments>
<arg>//*[@id="container"]/div/div[3]/div/div[1]/div/div/div/section[4]/div[2]/div/div[1]/div[3]/div/div[2]</arg>
</arguments>
<msg timestamp="20210601 17:57:57.848" level="INFO">Clicking element '//*[@id="container"]/div/div[3]/div/div[1]/div/div/div/section[4]/div[2]/div/div[1]/div[3]/div/div[2]'.</msg>
<status status="PASS" starttime="20210601 17:57:57.847" endtime="20210601 17:57:58.031"></status>
</kw>
<kw name="Sleep" library="BuiltIn">
<doc>Pauses the test executed for the given time.</doc>
<arguments>
<arg>2s</arg>
</arguments>
<msg timestamp="20210601 17:58:00.037" level="INFO">Slept 2 seconds</msg>
<status status="PASS" starttime="20210601 17:57:58.033" endtime="20210601 17:58:00.037"></status>
</kw>
<kw name="Click Element" library="SeleniumLibrary">
<doc>Click the element identified by ``locator``.</doc>
<arguments>
<arg>//*[@id="container"]/div/div[3]/div/div[1]/div/div/div/section[5]/div[2]/div/div[1]/div/label/div[2]</arg>
</arguments>
<msg timestamp="20210601 17:58:00.039" level="INFO">Clicking element '//*[@id="container"]/div/div[3]/div/div[1]/div/div/div/section[5]/div[2]/div/div[1]/div/label/div[2]'.</msg>
<status status="PASS" starttime="20210601 17:58:00.038" endtime="20210601 17:58:00.235"></status>
</kw>
<kw name="Sleep" library="BuiltIn">
<doc>Pauses the test executed for the given time.</doc>
<arguments>
<arg>2s</arg>
</arguments>
<msg timestamp="20210601 17:58:02.251" level="INFO">Slept 2 seconds</msg>
<status status="PASS" starttime="20210601 17:58:00.237" endtime="20210601 17:58:02.253"></status>
</kw>
<kw name="Click Element" library="SeleniumLibrary">
<doc>Click the element identified by ``locator``.</doc>
<arguments>
<arg>//*[@id="container"]/div/div[3]/div/div[1]/div/div/div/section[9]/div/div</arg>
</arguments>
<msg timestamp="20210601 17:58:02.257" level="INFO">Clicking element '//*[@id="container"]/div/div[3]/div/div[1]/div/div/div/section[9]/div/div'.</msg>
<status status="PASS" starttime="20210601 17:58:02.256" endtime="20210601 17:58:02.372"></status>
</kw>
<kw name="Sleep" library="BuiltIn">
<doc>Pauses the test executed for the given time.</doc>
<arguments>
<arg>2s</arg>
</arguments>
<msg timestamp="20210601 17:58:04.383" level="INFO">Slept 2 seconds</msg>
<status status="PASS" starttime="20210601 17:58:02.374" endtime="20210601 17:58:04.383"></status>
</kw>
<kw name="Click Element" library="SeleniumLibrary">
<doc>Click the element identified by ``locator``.</doc>
<arguments>
<arg>//*[@id="container"]/div/div[3]/div/div[1]/div/div/div/section[9]/div[2]/div/div[1]/div/label/div[2]</arg>
</arguments>
<msg timestamp="20210601 17:58:04.385" level="INFO">Clicking element '//*[@id="container"]/div/div[3]/div/div[1]/div/div/div/section[9]/div[2]/div/div[1]/div/label/div[2]'.</msg>
<status status="PASS" starttime="20210601 17:58:04.384" endtime="20210601 17:58:04.568"></status>
</kw>
<kw name="Sleep" library="BuiltIn">
<doc>Pauses the test executed for the given time.</doc>
<arguments>
<arg>2s</arg>
</arguments>
<msg timestamp="20210601 17:58:06.575" level="INFO">Slept 2 seconds</msg>
<status status="PASS" starttime="20210601 17:58:04.570" endtime="20210601 17:58:06.577"></status>
</kw>
<kw name="Get Window Handles" library="SeleniumLibrary">
<doc>Returns all child window handles of the selected browser as a list.</doc>
<assign>
<var>@{parent_window}</var>
</assign>
<msg timestamp="20210601 17:58:06.585" level="INFO">@{parent_window} = [ CDwindow-27D961E1DE4137A2A412557573F614F9 ]</msg>
<status status="PASS" starttime="20210601 17:58:06.579" endtime="20210601 17:58:06.585"></status>
</kw>
<kw name="Wait Until Element Is Visible" library="SeleniumLibrary">
<doc>Waits until the element ``locator`` is visible.</doc>
<arguments>
<arg>//*[@id="container"]/div/div[3]/div/div[2]/div[8]/div/div[3]/div/a/div[1]/div/div/div/img</arg>
<arg>25s</arg>
</arguments>
<status status="PASS" starttime="20210601 17:58:06.586" endtime="20210601 17:58:06.618"></status>
</kw>
<kw name="Click Element" library="SeleniumLibrary">
<doc>Click the element identified by ``locator``.</doc>
<arguments>
<arg>//*[@id="container"]/div/div[3]/div/div[2]/div[8]/div/div[3]/div/a/div[1]/div/div/div/img</arg>
</arguments>
<msg timestamp="20210601 17:58:06.619" level="INFO">Clicking element '//*[@id="container"]/div/div[3]/div/div[2]/div[8]/div/div[3]/div/a/div[1]/div/div/div/img'.</msg>
<status status="PASS" starttime="20210601 17:58:06.618" endtime="20210601 17:58:06.737"></status>
</kw>
<kw name="Get Window Handles" library="SeleniumLibrary">
<doc>Returns all child window handles of the selected browser as a list.</doc>
<assign>
<var>@{child_window}</var>
</assign>
<msg timestamp="20210601 17:58:06.748" level="INFO">@{child_window} = [ CDwindow-27D961E1DE4137A2A412557573F614F9 | CDwindow-FA164864E704E863B9B407354CD35892 ]</msg>
<status status="PASS" starttime="20210601 17:58:06.738" endtime="20210601 17:58:06.749"></status>
</kw>
<kw name="Switch Window" library="SeleniumLibrary">
<doc>Switches to browser window matching ``locator``.</doc>
<arguments>
<arg>NEW</arg>
</arguments>
<status status="PASS" starttime="20210601 17:58:06.751" endtime="20210601 17:58:06.780"></status>
</kw>
<kw name="Get Title" library="SeleniumLibrary">
<doc>Returns the title of the current page.</doc>
<assign>
<var>${title}</var>
</assign>
<msg timestamp="20210601 17:58:09.993" level="INFO">${title} = U.S. POLO ASSN. Solid Men Round Neck Blue T-Shirt - Buy U.S. POLO ASSN. Solid Men Round Neck Blue T-Shirt Online at Best Prices in India | Flipkart.com</msg>
<status status="PASS" starttime="20210601 17:58:06.781" endtime="20210601 17:58:09.993"></status>
</kw>
<kw name="Log To Console" library="BuiltIn">
<doc>Logs the given message to the console.</doc>
<arguments>
<arg>${title}</arg>
</arguments>
<status status="PASS" starttime="20210601 17:58:09.994" endtime="20210601 17:58:09.995"></status>
</kw>
<kw name="Sleep" library="BuiltIn">
<doc>Pauses the test executed for the given time.</doc>
<arguments>
<arg>5s</arg>
</arguments>
<msg timestamp="20210601 17:58:15.011" level="INFO">Slept 5 seconds</msg>
<status status="PASS" starttime="20210601 17:58:09.996" endtime="20210601 17:58:15.013"></status>
</kw>
<kw name="Wait Until Element Is Visible" library="SeleniumLibrary">
<doc>Waits until the element ``locator`` is visible.</doc>
<arguments>
<arg>//*[normalize-space()="XXL"]</arg>
</arguments>
<status status="PASS" starttime="20210601 17:58:15.016" endtime="20210601 17:58:15.075"></status>
</kw>
<kw name="Click Element" library="SeleniumLibrary">
<doc>Click the element identified by ``locator``.</doc>
<arguments>
<arg>//*[normalize-space()="XXL"]</arg>
</arguments>
<msg timestamp="20210601 17:58:15.077" level="INFO">Clicking element '//*[normalize-space()="XXL"]'.</msg>
<status status="PASS" starttime="20210601 17:58:15.076" endtime="20210601 17:58:15.183"></status>
</kw>
<kw name="Sleep" library="BuiltIn">
<doc>Pauses the test executed for the given time.</doc>
<arguments>
<arg>5s</arg>
</arguments>
<msg timestamp="20210601 17:58:20.185" level="INFO">Slept 5 seconds</msg>
<status status="PASS" starttime="20210601 17:58:15.184" endtime="20210601 17:58:20.186"></status>
</kw>
<kw name="Wait Until Element Is Visible" library="SeleniumLibrary">
<doc>Waits until the element ``locator`` is visible.</doc>
<arguments>
<arg>//button[@class="_2KpZ6l _2U9uOA _3v1-ww"]</arg>
</arguments>
<kw name="Capture Page Screenshot" library="SeleniumLibrary">
<doc>Takes a screenshot of the current page and embeds it into a log file.</doc>
<msg timestamp="20210601 17:58:48.491" level="FAIL">WebDriverException: Message: chrome not reachable
  (Session info: chrome=91.0.4472.77)
</msg>
<status status="FAIL" starttime="20210601 17:58:36.341" endtime="20210601 17:58:48.492"></status>
</kw>
<msg timestamp="20210601 17:58:48.493" level="WARN">Keyword 'Capture Page Screenshot' could not be run on failure: WebDriverException: Message: chrome not reachable
  (Session info: chrome=91.0.4472.77)
</msg>
<msg timestamp="20210601 17:58:48.497" level="FAIL">WebDriverException: Message: chrome not reachable
  (Session info: chrome=91.0.4472.77)
</msg>
<status status="FAIL" starttime="20210601 17:58:20.187" endtime="20210601 17:58:48.498"></status>
</kw>
<status status="FAIL" starttime="20210601 17:57:21.187" endtime="20210601 17:58:48.500" critical="yes">WebDriverException: Message: chrome not reachable
  (Session info: chrome=91.0.4472.77)
</status>
</test>
<doc>Simple example using SeleniumLibrary.</doc>
<status status="FAIL" starttime="20210601 17:57:19.103" endtime="20210601 17:58:48.503"></status>
</suite>
<statistics>
<total>
<stat pass="0" fail="1">Critical Tests</stat>
<stat pass="0" fail="1">All Tests</stat>
</total>
<tag>
</tag>
<suite>
<stat pass="0" fail="1" id="s1" name="Garments">Garments</stat>
</suite>
</statistics>
<errors>
<msg timestamp="20210601 17:58:48.493" level="WARN">Keyword 'Capture Page Screenshot' could not be run on failure: WebDriverException: Message: chrome not reachable
  (Session info: chrome=91.0.4472.77)
</msg>
</errors>
</robot>
